<?xml version="1.0" encoding="UTF-8"?>
<testsuite xmlns:xsi="http://www.w3.org/2001/XMLSchema-instance" xsi:noNamespaceSchemaLocation="https://maven.apache.org/surefire/maven-surefire-plugin/xsd/surefire-test-report-3.0.xsd" version="3.0" name="TestSuite" time="246.692" tests="14" errors="0" skipped="0" failures="0">
  <properties>
    <property name="sun.desktop" value="windows"/>
    <property name="awt.toolkit" value="sun.awt.windows.WToolkit"/>
    <property name="file.encoding.pkg" value="sun.io"/>
    <property name="java.specification.version" value="1.8"/>
    <property name="webdriver.chrome.driver" value="C:\Users\Pintu\.cache\selenium\chromedriver\win32\106.0.5249.61\chromedriver.exe"/>
    <property name="sun.cpu.isalist" value="amd64"/>
    <property name="sun.jnu.encoding" value="Cp1252"/>
    <property name="java.class.path" value="E:\Photo-Framework\DemoWebShop\target\test-classes;E:\Photo-Framework\DemoWebShop\target\classes;C:\Users\Pintu\.m2\repository\org\seleniumhq\selenium\selenium-java\3.141.59\selenium-java-3.141.59.jar;C:\Users\Pintu\.m2\repository\org\seleniumhq\selenium\selenium-api\3.141.59\selenium-api-3.141.59.jar;C:\Users\Pintu\.m2\repository\org\seleniumhq\selenium\selenium-chrome-driver\3.141.59\selenium-chrome-driver-3.141.59.jar;C:\Users\Pintu\.m2\repository\org\seleniumhq\selenium\selenium-edge-driver\3.141.59\selenium-edge-driver-3.141.59.jar;C:\Users\Pintu\.m2\repository\org\seleniumhq\selenium\selenium-firefox-driver\3.141.59\selenium-firefox-driver-3.141.59.jar;C:\Users\Pintu\.m2\repository\org\seleniumhq\selenium\selenium-ie-driver\3.141.59\selenium-ie-driver-3.141.59.jar;C:\Users\Pintu\.m2\repository\org\seleniumhq\selenium\selenium-opera-driver\3.141.59\selenium-opera-driver-3.141.59.jar;C:\Users\Pintu\.m2\repository\org\seleniumhq\selenium\selenium-remote-driver\3.141.59\selenium-remote-driver-3.141.59.jar;C:\Users\Pintu\.m2\repository\org\seleniumhq\selenium\selenium-safari-driver\3.141.59\selenium-safari-driver-3.141.59.jar;C:\Users\Pintu\.m2\repository\org\seleniumhq\selenium\selenium-support\3.141.59\selenium-support-3.141.59.jar;C:\Users\Pintu\.m2\repository\net\bytebuddy\byte-buddy\1.8.15\byte-buddy-1.8.15.jar;C:\Users\Pintu\.m2\repository\org\apache\commons\commons-exec\1.3\commons-exec-1.3.jar;C:\Users\Pintu\.m2\repository\com\google\guava\guava\25.0-jre\guava-25.0-jre.jar;C:\Users\Pintu\.m2\repository\com\google\code\findbugs\jsr305\1.3.9\jsr305-1.3.9.jar;C:\Users\Pintu\.m2\repository\org\checkerframework\checker-compat-qual\2.0.0\checker-compat-qual-2.0.0.jar;C:\Users\Pintu\.m2\repository\com\google\errorprone\error_prone_annotations\2.1.3\error_prone_annotations-2.1.3.jar;C:\Users\Pintu\.m2\repository\com\google\j2objc\j2objc-annotations\1.1\j2objc-annotations-1.1.jar;C:\Users\Pintu\.m2\repository\org\codehaus\mojo\animal-sniffer-annotations\1.14\animal-sniffer-annotations-1.14.jar;C:\Users\Pintu\.m2\repository\com\squareup\okhttp3\okhttp\3.11.0\okhttp-3.11.0.jar;C:\Users\Pintu\.m2\repository\com\squareup\okio\okio\1.14.0\okio-1.14.0.jar;C:\Users\Pintu\.m2\repository\org\testng\testng\7.4.0\testng-7.4.0.jar;C:\Users\Pintu\.m2\repository\com\beust\jcommander\1.78\jcommander-1.78.jar;C:\Users\Pintu\.m2\repository\org\webjars\jquery\3.5.1\jquery-3.5.1.jar;C:\Users\Pintu\.m2\repository\org\apache\poi\poi\3.17\poi-3.17.jar;C:\Users\Pintu\.m2\repository\commons-codec\commons-codec\1.10\commons-codec-1.10.jar;C:\Users\Pintu\.m2\repository\org\apache\commons\commons-collections4\4.1\commons-collections4-4.1.jar;C:\Users\Pintu\.m2\repository\org\apache\poi\poi-ooxml\3.17\poi-ooxml-3.17.jar;C:\Users\Pintu\.m2\repository\org\apache\poi\poi-ooxml-schemas\3.17\poi-ooxml-schemas-3.17.jar;C:\Users\Pintu\.m2\repository\org\apache\xmlbeans\xmlbeans\2.6.0\xmlbeans-2.6.0.jar;C:\Users\Pintu\.m2\repository\stax\stax-api\1.0.1\stax-api-1.0.1.jar;C:\Users\Pintu\.m2\repository\com\github\virtuald\curvesapi\1.04\curvesapi-1.04.jar;C:\Users\Pintu\.m2\repository\com\aventstack\extentreports\3.1.2\extentreports-3.1.2.jar;C:\Users\Pintu\.m2\repository\org\freemarker\freemarker\2.3.23\freemarker-2.3.23.jar;C:\Users\Pintu\.m2\repository\org\mongodb\mongodb-driver\3.3.0\mongodb-driver-3.3.0.jar;C:\Users\Pintu\.m2\repository\org\mongodb\bson\3.3.0\bson-3.3.0.jar;C:\Users\Pintu\.m2\repository\org\mongodb\mongodb-driver-core\3.3.0\mongodb-driver-core-3.3.0.jar;C:\Users\Pintu\.m2\repository\org\apache\httpcomponents\httpclient\4.5.2\httpclient-4.5.2.jar;C:\Users\Pintu\.m2\repository\org\apache\httpcomponents\httpcore\4.4.4\httpcore-4.4.4.jar;C:\Users\Pintu\.m2\repository\commons-logging\commons-logging\1.2\commons-logging-1.2.jar;C:\Users\Pintu\.m2\repository\org\apache\httpcomponents\httpmime\4.5.2\httpmime-4.5.2.jar;C:\Users\Pintu\.m2\repository\org\jsoup\jsoup\1.9.2\jsoup-1.9.2.jar;C:\Users\Pintu\.m2\repository\com\google\code\gson\gson\2.8.0\gson-2.8.0.jar;C:\Users\Pintu\.m2\repository\log4j\log4j\1.2.17\log4j-1.2.17.jar;C:\Users\Pintu\.m2\repository\org\apache\commons\commons-lang3\3.0\commons-lang3-3.0.jar;C:\Users\Pintu\.m2\repository\commons-io\commons-io\2.6\commons-io-2.6.jar;C:\Users\Pintu\.m2\repository\io\github\bonigarcia\webdrivermanager\5.3.0\webdrivermanager-5.3.0.jar;C:\Users\Pintu\.m2\repository\org\slf4j\slf4j-api\1.7.36\slf4j-api-1.7.36.jar;C:\Users\Pintu\.m2\repository\com\github\docker-java\docker-java\3.2.13\docker-java-3.2.13.jar;C:\Users\Pintu\.m2\repository\com\github\docker-java\docker-java-core\3.2.13\docker-java-core-3.2.13.jar;C:\Users\Pintu\.m2\repository\com\github\docker-java\docker-java-api\3.2.13\docker-java-api-3.2.13.jar;C:\Users\Pintu\.m2\repository\com\fasterxml\jackson\core\jackson-annotations\2.10.3\jackson-annotations-2.10.3.jar;C:\Users\Pintu\.m2\repository\org\apache\commons\commons-compress\1.21\commons-compress-1.21.jar;C:\Users\Pintu\.m2\repository\com\fasterxml\jackson\core\jackson-databind\2.10.3\jackson-databind-2.10.3.jar;C:\Users\Pintu\.m2\repository\com\fasterxml\jackson\core\jackson-core\2.10.3\jackson-core-2.10.3.jar;C:\Users\Pintu\.m2\repository\org\bouncycastle\bcpkix-jdk15on\1.64\bcpkix-jdk15on-1.64.jar;C:\Users\Pintu\.m2\repository\org\bouncycastle\bcprov-jdk15on\1.64\bcprov-jdk15on-1.64.jar;C:\Users\Pintu\.m2\repository\org\slf4j\jcl-over-slf4j\1.7.30\jcl-over-slf4j-1.7.30.jar;C:\Users\Pintu\.m2\repository\com\github\docker-java\docker-java-transport-httpclient5\3.2.13\docker-java-transport-httpclient5-3.2.13.jar;C:\Users\Pintu\.m2\repository\com\github\docker-java\docker-java-transport\3.2.13\docker-java-transport-3.2.13.jar;C:\Users\Pintu\.m2\repository\net\java\dev\jna\jna\5.8.0\jna-5.8.0.jar;C:\Users\Pintu\.m2\repository\org\brotli\dec\0.1.2\dec-0.1.2.jar;C:\Users\Pintu\.m2\repository\org\apache\httpcomponents\client5\httpclient5\5.1.3\httpclient5-5.1.3.jar;C:\Users\Pintu\.m2\repository\org\apache\httpcomponents\core5\httpcore5\5.1.3\httpcore5-5.1.3.jar;C:\Users\Pintu\.m2\repository\org\apache\httpcomponents\core5\httpcore5-h2\5.1.3\httpcore5-h2-5.1.3.jar;"/>
    <property name="java.vm.vendor" value="Oracle Corporation"/>
    <property name="sun.arch.data.model" value="64"/>
    <property name="user.variant" value=""/>
    <property name="java.vendor.url" value="http://java.oracle.com/"/>
    <property name="user.timezone" value="Asia/Calcutta"/>
    <property name="java.vm.specification.version" value="1.8"/>
    <property name="os.name" value="Windows 7"/>
    <property name="user.country" value="US"/>
    <property name="sun.java.launcher" value="SUN_STANDARD"/>
    <property name="sun.boot.library.path" value="E:\Java\jdk1.8.0_241\jre\bin"/>
    <property name="sun.java.command" value="C:\Windows\Temp\surefire2484417699608743286\surefirebooter-20221002171309628_3.jar C:\Windows\Temp\surefire2484417699608743286 2022-10-02T17-13-07_089-jvmRun1 surefire-20221002171309628_1tmp surefire_0-20221002171309628_2tmp"/>
    <property name="surefire.test.class.path" value="E:\Photo-Framework\DemoWebShop\target\test-classes;E:\Photo-Framework\DemoWebShop\target\classes;C:\Users\Pintu\.m2\repository\org\seleniumhq\selenium\selenium-java\3.141.59\selenium-java-3.141.59.jar;C:\Users\Pintu\.m2\repository\org\seleniumhq\selenium\selenium-api\3.141.59\selenium-api-3.141.59.jar;C:\Users\Pintu\.m2\repository\org\seleniumhq\selenium\selenium-chrome-driver\3.141.59\selenium-chrome-driver-3.141.59.jar;C:\Users\Pintu\.m2\repository\org\seleniumhq\selenium\selenium-edge-driver\3.141.59\selenium-edge-driver-3.141.59.jar;C:\Users\Pintu\.m2\repository\org\seleniumhq\selenium\selenium-firefox-driver\3.141.59\selenium-firefox-driver-3.141.59.jar;C:\Users\Pintu\.m2\repository\org\seleniumhq\selenium\selenium-ie-driver\3.141.59\selenium-ie-driver-3.141.59.jar;C:\Users\Pintu\.m2\repository\org\seleniumhq\selenium\selenium-opera-driver\3.141.59\selenium-opera-driver-3.141.59.jar;C:\Users\Pintu\.m2\repository\org\seleniumhq\selenium\selenium-remote-driver\3.141.59\selenium-remote-driver-3.141.59.jar;C:\Users\Pintu\.m2\repository\org\seleniumhq\selenium\selenium-safari-driver\3.141.59\selenium-safari-driver-3.141.59.jar;C:\Users\Pintu\.m2\repository\org\seleniumhq\selenium\selenium-support\3.141.59\selenium-support-3.141.59.jar;C:\Users\Pintu\.m2\repository\net\bytebuddy\byte-buddy\1.8.15\byte-buddy-1.8.15.jar;C:\Users\Pintu\.m2\repository\org\apache\commons\commons-exec\1.3\commons-exec-1.3.jar;C:\Users\Pintu\.m2\repository\com\google\guava\guava\25.0-jre\guava-25.0-jre.jar;C:\Users\Pintu\.m2\repository\com\google\code\findbugs\jsr305\1.3.9\jsr305-1.3.9.jar;C:\Users\Pintu\.m2\repository\org\checkerframework\checker-compat-qual\2.0.0\checker-compat-qual-2.0.0.jar;C:\Users\Pintu\.m2\repository\com\google\errorprone\error_prone_annotations\2.1.3\error_prone_annotations-2.1.3.jar;C:\Users\Pintu\.m2\repository\com\google\j2objc\j2objc-annotations\1.1\j2objc-annotations-1.1.jar;C:\Users\Pintu\.m2\repository\org\codehaus\mojo\animal-sniffer-annotations\1.14\animal-sniffer-annotations-1.14.jar;C:\Users\Pintu\.m2\repository\com\squareup\okhttp3\okhttp\3.11.0\okhttp-3.11.0.jar;C:\Users\Pintu\.m2\repository\com\squareup\okio\okio\1.14.0\okio-1.14.0.jar;C:\Users\Pintu\.m2\repository\org\testng\testng\7.4.0\testng-7.4.0.jar;C:\Users\Pintu\.m2\repository\com\beust\jcommander\1.78\jcommander-1.78.jar;C:\Users\Pintu\.m2\repository\org\webjars\jquery\3.5.1\jquery-3.5.1.jar;C:\Users\Pintu\.m2\repository\org\apache\poi\poi\3.17\poi-3.17.jar;C:\Users\Pintu\.m2\repository\commons-codec\commons-codec\1.10\commons-codec-1.10.jar;C:\Users\Pintu\.m2\repository\org\apache\commons\commons-collections4\4.1\commons-collections4-4.1.jar;C:\Users\Pintu\.m2\repository\org\apache\poi\poi-ooxml\3.17\poi-ooxml-3.17.jar;C:\Users\Pintu\.m2\repository\org\apache\poi\poi-ooxml-schemas\3.17\poi-ooxml-schemas-3.17.jar;C:\Users\Pintu\.m2\repository\org\apache\xmlbeans\xmlbeans\2.6.0\xmlbeans-2.6.0.jar;C:\Users\Pintu\.m2\repository\stax\stax-api\1.0.1\stax-api-1.0.1.jar;C:\Users\Pintu\.m2\repository\com\github\virtuald\curvesapi\1.04\curvesapi-1.04.jar;C:\Users\Pintu\.m2\repository\com\aventstack\extentreports\3.1.2\extentreports-3.1.2.jar;C:\Users\Pintu\.m2\repository\org\freemarker\freemarker\2.3.23\freemarker-2.3.23.jar;C:\Users\Pintu\.m2\repository\org\mongodb\mongodb-driver\3.3.0\mongodb-driver-3.3.0.jar;C:\Users\Pintu\.m2\repository\org\mongodb\bson\3.3.0\bson-3.3.0.jar;C:\Users\Pintu\.m2\repository\org\mongodb\mongodb-driver-core\3.3.0\mongodb-driver-core-3.3.0.jar;C:\Users\Pintu\.m2\repository\org\apache\httpcomponents\httpclient\4.5.2\httpclient-4.5.2.jar;C:\Users\Pintu\.m2\repository\org\apache\httpcomponents\httpcore\4.4.4\httpcore-4.4.4.jar;C:\Users\Pintu\.m2\repository\commons-logging\commons-logging\1.2\commons-logging-1.2.jar;C:\Users\Pintu\.m2\repository\org\apache\httpcomponents\httpmime\4.5.2\httpmime-4.5.2.jar;C:\Users\Pintu\.m2\repository\org\jsoup\jsoup\1.9.2\jsoup-1.9.2.jar;C:\Users\Pintu\.m2\repository\com\google\code\gson\gson\2.8.0\gson-2.8.0.jar;C:\Users\Pintu\.m2\repository\log4j\log4j\1.2.17\log4j-1.2.17.jar;C:\Users\Pintu\.m2\repository\org\apache\commons\commons-lang3\3.0\commons-lang3-3.0.jar;C:\Users\Pintu\.m2\repository\commons-io\commons-io\2.6\commons-io-2.6.jar;C:\Users\Pintu\.m2\repository\io\github\bonigarcia\webdrivermanager\5.3.0\webdrivermanager-5.3.0.jar;C:\Users\Pintu\.m2\repository\org\slf4j\slf4j-api\1.7.36\slf4j-api-1.7.36.jar;C:\Users\Pintu\.m2\repository\com\github\docker-java\docker-java\3.2.13\docker-java-3.2.13.jar;C:\Users\Pintu\.m2\repository\com\github\docker-java\docker-java-core\3.2.13\docker-java-core-3.2.13.jar;C:\Users\Pintu\.m2\repository\com\github\docker-java\docker-java-api\3.2.13\docker-java-api-3.2.13.jar;C:\Users\Pintu\.m2\repository\com\fasterxml\jackson\core\jackson-annotations\2.10.3\jackson-annotations-2.10.3.jar;C:\Users\Pintu\.m2\repository\org\apache\commons\commons-compress\1.21\commons-compress-1.21.jar;C:\Users\Pintu\.m2\repository\com\fasterxml\jackson\core\jackson-databind\2.10.3\jackson-databind-2.10.3.jar;C:\Users\Pintu\.m2\repository\com\fasterxml\jackson\core\jackson-core\2.10.3\jackson-core-2.10.3.jar;C:\Users\Pintu\.m2\repository\org\bouncycastle\bcpkix-jdk15on\1.64\bcpkix-jdk15on-1.64.jar;C:\Users\Pintu\.m2\repository\org\bouncycastle\bcprov-jdk15on\1.64\bcprov-jdk15on-1.64.jar;C:\Users\Pintu\.m2\repository\org\slf4j\jcl-over-slf4j\1.7.30\jcl-over-slf4j-1.7.30.jar;C:\Users\Pintu\.m2\repository\com\github\docker-java\docker-java-transport-httpclient5\3.2.13\docker-java-transport-httpclient5-3.2.13.jar;C:\Users\Pintu\.m2\repository\com\github\docker-java\docker-java-transport\3.2.13\docker-java-transport-3.2.13.jar;C:\Users\Pintu\.m2\repository\net\java\dev\jna\jna\5.8.0\jna-5.8.0.jar;C:\Users\Pintu\.m2\repository\org\brotli\dec\0.1.2\dec-0.1.2.jar;C:\Users\Pintu\.m2\repository\org\apache\httpcomponents\client5\httpclient5\5.1.3\httpclient5-5.1.3.jar;C:\Users\Pintu\.m2\repository\org\apache\httpcomponents\core5\httpcore5\5.1.3\httpcore5-5.1.3.jar;C:\Users\Pintu\.m2\repository\org\apache\httpcomponents\core5\httpcore5-h2\5.1.3\httpcore5-h2-5.1.3.jar;"/>
    <property name="sun.cpu.endian" value="little"/>
    <property name="user.home" value="C:\Users\Pintu"/>
    <property name="user.language" value="en"/>
    <property name="java.specification.vendor" value="Oracle Corporation"/>
    <property name="java.home" value="E:\Java\jdk1.8.0_241\jre"/>
    <property name="basedir" value="E:\Photo-Framework\DemoWebShop"/>
    <property name="file.separator" value="\"/>
    <property name="line.separator" value="&#10;"/>
    <property name="java.vm.specification.vendor" value="Oracle Corporation"/>
    <property name="java.specification.name" value="Java Platform API Specification"/>
    <property name="java.awt.graphicsenv" value="sun.awt.Win32GraphicsEnvironment"/>
    <property name="surefire.real.class.path" value="C:\Windows\Temp\surefire2484417699608743286\surefirebooter-20221002171309628_3.jar"/>
    <property name="sun.boot.class.path" value="E:\Java\jdk1.8.0_241\jre\lib\resources.jar;E:\Java\jdk1.8.0_241\jre\lib\rt.jar;E:\Java\jdk1.8.0_241\jre\lib\sunrsasign.jar;E:\Java\jdk1.8.0_241\jre\lib\jsse.jar;E:\Java\jdk1.8.0_241\jre\lib\jce.jar;E:\Java\jdk1.8.0_241\jre\lib\charsets.jar;E:\Java\jdk1.8.0_241\jre\lib\jfr.jar;E:\Java\jdk1.8.0_241\jre\classes"/>
    <property name="user.script" value=""/>
    <property name="sun.management.compiler" value="HotSpot 64-Bit Tiered Compilers"/>
    <property name="java.runtime.version" value="1.8.0_241-b07"/>
    <property name="user.name" value="Pintu"/>
    <property name="path.separator" value=";"/>
    <property name="os.version" value="6.1"/>
    <property name="java.endorsed.dirs" value="E:\Java\jdk1.8.0_241\jre\lib\endorsed"/>
    <property name="java.runtime.name" value="Java(TM) SE Runtime Environment"/>
    <property name="file.encoding" value="Cp1252"/>
    <property name="java.vm.name" value="Java HotSpot(TM) 64-Bit Server VM"/>
    <property name="localRepository" value="C:\Users\Pintu\.m2\repository"/>
    <property name="java.vendor.url.bug" value="http://bugreport.sun.com/bugreport/"/>
    <property name="java.io.tmpdir" value="C:\Windows\TEMP\"/>
    <property name="java.version" value="1.8.0_241"/>
    <property name="user.dir" value="E:\Photo-Framework\DemoWebShop"/>
    <property name="os.arch" value="amd64"/>
    <property name="java.vm.specification.name" value="Java Virtual Machine Specification"/>
    <property name="java.awt.printerjob" value="sun.awt.windows.WPrinterJob"/>
    <property name="sun.os.patch.level" value="Service Pack 1"/>
    <property name="java.library.path" value="E:\Java\jdk1.8.0_241\jre\bin;C:\Windows\Sun\Java\bin;C:\Windows\system32;C:\Windows;C:/Program Files/Java/jre1.8.0_241/bin/server;C:/Program Files/Java/jre1.8.0_241/bin;C:/Program Files/Java/jre1.8.0_241/lib/amd64;C:\apache-maven-3.8.6-bin\apache-maven-3.8.6\bin;E:\Program Files\Java\jdk1.8.0_241\bin;C:\Users\Pintu\Desktop;;."/>
    <property name="java.vm.info" value="mixed mode"/>
    <property name="java.vendor" value="Oracle Corporation"/>
    <property name="java.vm.version" value="25.241-b07"/>
    <property name="java.ext.dirs" value="E:\Java\jdk1.8.0_241\jre\lib\ext;C:\Windows\Sun\Java\lib\ext"/>
    <property name="sun.io.unicode.encoding" value="UnicodeLittle"/>
    <property name="java.class.version" value="52.0"/>
  </properties>
  <testcase name="DataProviderLogin[test@kuna.com, test@123](1)" classname="com.WebShop.TestCases.TC6_DataProviderLogin" time="12.165">
    <system-err><![CDATA[SLF4J: Failed to load class "org.slf4j.impl.StaticLoggerBinder".
SLF4J: Defaulting to no-operation (NOP) logger implementation
SLF4J: See http://www.slf4j.org/codes.html#StaticLoggerBinder for further details.
Starting ChromeDriver 106.0.5249.61 (511755355844955cd3e264779baf0dd38212a4d0-refs/branch-heads/5249@{#569}) on port 26325
Only local connections are allowed.
Please see https://chromedriver.chromium.org/security-considerations for suggestions on keeping ChromeDriver safe.
ChromeDriver was started successfully.
Oct 02, 2022 5:13:23 PM org.openqa.selenium.remote.ProtocolHandshake createSession
INFO: Detected dialect: W3C
Oct 02, 2022 5:13:28 PM com.WebShop.TestCases.TC6_DataProviderLogin DataProviderLogin
INFO: Application URL is Opened
Oct 02, 2022 5:13:29 PM com.WebShop.TestCases.TC6_DataProviderLogin DataProviderLogin
INFO: User Clicks on Loginlnk
Oct 02, 2022 5:13:29 PM com.WebShop.TestCases.TC6_DataProviderLogin DataProviderLogin
INFO: User Enters UserName
Oct 02, 2022 5:13:30 PM com.WebShop.TestCases.TC6_DataProviderLogin DataProviderLogin
INFO: User Enters Password
Oct 02, 2022 5:13:31 PM com.WebShop.TestCases.TC6_DataProviderLogin DataProviderLogin
INFO: User Clicks on LoginButton
Oct 02, 2022 5:13:34 PM com.WebShop.TestCases.TC6_DataProviderLogin DataProviderLogin
INFO: User Clicks on Logout link
Oct 02, 2022 5:13:36 PM com.WebShop.TestCases.TC6_DataProviderLogin DataProviderLogin
INFO: Iteration starts - Clicking for New Login
]]></system-err>
  </testcase>
  <testcase name="DataProviderLogin[test@champi.com, test@123](2)" classname="com.WebShop.TestCases.TC6_DataProviderLogin" time="8.095">
    <system-err><![CDATA[Oct 02, 2022 5:13:37 PM com.WebShop.TestCases.TC6_DataProviderLogin DataProviderLogin
INFO: Application URL is Opened
Oct 02, 2022 5:13:37 PM com.WebShop.TestCases.TC6_DataProviderLogin DataProviderLogin
INFO: User Clicks on Loginlnk
Oct 02, 2022 5:13:37 PM com.WebShop.TestCases.TC6_DataProviderLogin DataProviderLogin
INFO: User Enters UserName
Oct 02, 2022 5:13:38 PM com.WebShop.TestCases.TC6_DataProviderLogin DataProviderLogin
INFO: User Enters Password
Oct 02, 2022 5:13:39 PM com.WebShop.TestCases.TC6_DataProviderLogin DataProviderLogin
INFO: User Clicks on LoginButton
Oct 02, 2022 5:13:41 PM com.WebShop.TestCases.TC6_DataProviderLogin DataProviderLogin
INFO: User Clicks on Logout link
Oct 02, 2022 5:13:44 PM com.WebShop.TestCases.TC6_DataProviderLogin DataProviderLogin
INFO: Iteration starts - Clicking for New Login
]]></system-err>
  </testcase>
  <testcase name="DataProviderLogin[sanju@khudi.com, test@123](3)" classname="com.WebShop.TestCases.TC6_DataProviderLogin" time="9.067">
    <system-err><![CDATA[Oct 02, 2022 5:13:45 PM com.WebShop.TestCases.TC6_DataProviderLogin DataProviderLogin
INFO: Application URL is Opened
Oct 02, 2022 5:13:46 PM com.WebShop.TestCases.TC6_DataProviderLogin DataProviderLogin
INFO: User Clicks on Loginlnk
Oct 02, 2022 5:13:46 PM com.WebShop.TestCases.TC6_DataProviderLogin DataProviderLogin
INFO: User Enters UserName
Oct 02, 2022 5:13:47 PM com.WebShop.TestCases.TC6_DataProviderLogin DataProviderLogin
INFO: User Enters Password
Oct 02, 2022 5:13:48 PM com.WebShop.TestCases.TC6_DataProviderLogin DataProviderLogin
INFO: User Clicks on LoginButton
Oct 02, 2022 5:13:51 PM com.WebShop.TestCases.TC6_DataProviderLogin DataProviderLogin
INFO: User Clicks on Logout link
Oct 02, 2022 5:13:53 PM com.WebShop.TestCases.TC6_DataProviderLogin DataProviderLogin
INFO: Iteration starts - Clicking for New Login
]]></system-err>
  </testcase>
  <testcase name="ProductSelectioPn" classname="com.WebShop.TestCases.TC11_ProductSelectioPn" time="21.345">
    <system-out><![CDATA[The Product List for Selection:[Build your own cheap computer, Build your own computer, Build your own expensive computer, Desktop PC with CDRW, Elite Desktop PC, Simple Computer]
DeskTop Name:Build your own computer
]]></system-out>
    <system-err><![CDATA[[1664711033.844][SEVERE]: Unable to receive message from renderer
Starting ChromeDriver 106.0.5249.61 (511755355844955cd3e264779baf0dd38212a4d0-refs/branch-heads/5249@{#569}) on port 25488
Only local connections are allowed.
Please see https://chromedriver.chromium.org/security-considerations for suggestions on keeping ChromeDriver safe.
ChromeDriver was started successfully.
Oct 02, 2022 5:14:00 PM org.openqa.selenium.remote.ProtocolHandshake createSession
INFO: Detected dialect: W3C
]]></system-err>
  </testcase>
  <testcase name="InvalidLogin" classname="com.WebShop.TestCases.TC8_InvalidLogin" time="6.286">
    <system-out><![CDATA[Invalid Login Text:Login was unsuccessful. Please correct the errors and try again.
The credentials provided are incorrect
 Invalid Login Success
]]></system-out>
    <system-err><![CDATA[[1664711062.350][SEVERE]: Unable to receive message from renderer
Starting ChromeDriver 106.0.5249.61 (511755355844955cd3e264779baf0dd38212a4d0-refs/branch-heads/5249@{#569}) on port 44328
Only local connections are allowed.
Please see https://chromedriver.chromium.org/security-considerations for suggestions on keeping ChromeDriver safe.
ChromeDriver was started successfully.
Oct 02, 2022 5:14:28 PM org.openqa.selenium.remote.ProtocolHandshake createSession
INFO: Detected dialect: W3C
Oct 02, 2022 5:14:33 PM com.WebShop.TestCases.TC8_InvalidLogin InvalidLogin
INFO: Application URL is Opned
Oct 02, 2022 5:14:34 PM com.WebShop.TestCases.TC8_InvalidLogin InvalidLogin
INFO: User Clicks on Login Link
Oct 02, 2022 5:14:35 PM com.WebShop.TestCases.TC8_InvalidLogin InvalidLogin
INFO: User Enters Invalid Credentials
]]></system-err>
  </testcase>
  <testcase name="ProductSelection" classname="com.WebShop.TestCases.TC7_ProductSelection" time="50.481">
    <system-out><![CDATA[The List of Desktop Available in the Site:[Build your own cheap computer, Build your own computer, Build your own expensive computer, Desktop PC with CDRW, Elite Desktop PC, Simple Computer]
Menu Text:Build your own cheap computer
User Clicks on DesktopMenu 
User Clicks on add To Cart to button
The Item is Added By the User Message:The product has been added to your shopping cart
Display the AddToCart page Contain:[Processor *, RAM *, HDD *, Software]
ShoppingCart Product Iist-Header:[Remove, , Product(s), Price, Qty., Total]
The CheckoutText is:Please accept the terms of service before the next step.
Oder Status:Your order has been successfully processed!
Customer Order Number:Order number: 1276097
Clickhere for Order Details:Click here for order details.
User Navigated to Order Details Page
 User Navigated Back to Thank You Page
User Is Landed on HomePage
GabuTabu Logged out From the Application
]]></system-out>
    <system-err><![CDATA[[1664711075.374][SEVERE]: Unable to receive message from renderer
Starting ChromeDriver 106.0.5249.61 (511755355844955cd3e264779baf0dd38212a4d0-refs/branch-heads/5249@{#569}) on port 31638
Only local connections are allowed.
Please see https://chromedriver.chromium.org/security-considerations for suggestions on keeping ChromeDriver safe.
ChromeDriver was started successfully.
Oct 02, 2022 5:14:37 PM org.openqa.selenium.remote.ProtocolHandshake createSession
INFO: Detected dialect: W3C
Oct 02, 2022 5:14:48 PM com.WebShop.TestCases.TC7_ProductSelection ProductSelection
INFO: GabuTbau looged in to the Application
Oct 02, 2022 5:14:50 PM com.WebShop.TestCases.TC7_ProductSelection ProductSelection
INFO: GabuTbau Started Product Selection
Oct 02, 2022 5:14:51 PM com.WebShop.TestCases.TC7_ProductSelection ProductSelection
INFO: GabuTbau Selected the Computer
Oct 02, 2022 5:14:53 PM com.WebShop.TestCases.TC7_ProductSelection ProductSelection
INFO: GabuTbau Selected the DeskTop
Oct 02, 2022 5:15:01 PM com.WebShop.TestCases.TC7_ProductSelection ProductSelection
INFO: GabuTbau Selected the DeskTopMenu-Add to cart 
Oct 02, 2022 5:15:02 PM com.WebShop.TestCases.TC7_ProductSelection ProductSelection
INFO: Gabu selected the Products
Oct 02, 2022 5:15:22 PM com.WebShop.TestCases.TC7_ProductSelection ProductSelection
INFO: Gabu Checked out the Products
]]></system-err>
  </testcase>
  <testcase name="RegisterPageFieldValidation" classname="com.WebShop.TestCases.TC5_RegisterPageFieldValidation" time="7.36">
    <system-out><![CDATA[Application is displaying correct validation error message- FirstName field
Application is displaying correct validation error message- LastName field
Application is displaying Incorrect validation error message- Email field
Application is displaying correct validation error message- Password field
]]></system-out>
    <system-err><![CDATA[[1664711128.655][SEVERE]: Unable to receive message from renderer
Starting ChromeDriver 106.0.5249.61 (511755355844955cd3e264779baf0dd38212a4d0-refs/branch-heads/5249@{#569}) on port 3887
Only local connections are allowed.
Please see https://chromedriver.chromium.org/security-considerations for suggestions on keeping ChromeDriver safe.
ChromeDriver was started successfully.
Oct 02, 2022 5:15:31 PM org.openqa.selenium.remote.ProtocolHandshake createSession
INFO: Detected dialect: W3C
]]></system-err>
  </testcase>
  <testcase name="DemoLogin[test@kuna.com, test@123](1)" classname="com.WebShop.TestCases.TC12_DemoShopLoginUsingExcel" time="12.949">
    <system-out><![CDATA[Row count is:4
 Column Count:2
 Person Info:test@kuna.com
 Person Info:test@123
 Person Info:test@champi.com
 Person Info:test@123
 Person Info:gabu@tabu.com
 Person Info:test@123
 Person Info:BOPA@BHAI.com
 Person Info:test@123
User Clicked on Logout Link
User Clicked on Login Link
]]></system-out>
    <system-err><![CDATA[[1664711139.292][SEVERE]: Unable to receive message from renderer
Starting ChromeDriver 106.0.5249.61 (511755355844955cd3e264779baf0dd38212a4d0-refs/branch-heads/5249@{#569}) on port 25142
Only local connections are allowed.
Please see https://chromedriver.chromium.org/security-considerations for suggestions on keeping ChromeDriver safe.
ChromeDriver was started successfully.
Oct 02, 2022 5:15:41 PM org.openqa.selenium.remote.ProtocolHandshake createSession
INFO: Detected dialect: W3C
Oct 02, 2022 5:15:50 PM com.WebShop.TestCases.TC12_DemoShopLoginUsingExcel DemoLogin
INFO: Application URL is Opened
Oct 02, 2022 5:15:51 PM com.WebShop.TestCases.TC12_DemoShopLoginUsingExcel DemoLogin
INFO: User Clicks on LoginLink
Oct 02, 2022 5:15:55 PM com.WebShop.TestCases.TC12_DemoShopLoginUsingExcel DemoLogin
INFO: User Clicked on Logoutlink
Oct 02, 2022 5:15:55 PM com.WebShop.TestCases.TC12_DemoShopLoginUsingExcel DemoLogin
INFO: User Clicks on Logout link
Oct 02, 2022 5:15:58 PM com.WebShop.TestCases.TC12_DemoShopLoginUsingExcel DemoLogin
INFO: User Clicked on Loginlink
Oct 02, 2022 5:15:58 PM com.WebShop.TestCases.TC12_DemoShopLoginUsingExcel DemoLogin
INFO: Iteration starts - Clicking for New Login
]]></system-err>
  </testcase>
  <testcase name="DemoLogin[test@champi.com, test@123](2)" classname="com.WebShop.TestCases.TC12_DemoShopLoginUsingExcel" time="8.255">
    <system-out><![CDATA[User Clicked on Logout Link
User Clicked on Login Link
]]></system-out>
    <system-err><![CDATA[Oct 02, 2022 5:15:59 PM com.WebShop.TestCases.TC12_DemoShopLoginUsingExcel DemoLogin
INFO: Application URL is Opened
Oct 02, 2022 5:15:59 PM com.WebShop.TestCases.TC12_DemoShopLoginUsingExcel DemoLogin
INFO: User Clicks on LoginLink
Oct 02, 2022 5:16:04 PM com.WebShop.TestCases.TC12_DemoShopLoginUsingExcel DemoLogin
INFO: User Clicked on Logoutlink
Oct 02, 2022 5:16:04 PM com.WebShop.TestCases.TC12_DemoShopLoginUsingExcel DemoLogin
INFO: User Clicks on Logout link
Oct 02, 2022 5:16:06 PM com.WebShop.TestCases.TC12_DemoShopLoginUsingExcel DemoLogin
INFO: User Clicked on Loginlink
Oct 02, 2022 5:16:06 PM com.WebShop.TestCases.TC12_DemoShopLoginUsingExcel DemoLogin
INFO: Iteration starts - Clicking for New Login
]]></system-err>
  </testcase>
  <testcase name="DemoLogin[gabu@tabu.com, test@123](3)" classname="com.WebShop.TestCases.TC12_DemoShopLoginUsingExcel" time="8.385">
    <system-out><![CDATA[User Clicked on Logout Link
User Clicked on Login Link
]]></system-out>
    <system-err><![CDATA[Oct 02, 2022 5:16:07 PM com.WebShop.TestCases.TC12_DemoShopLoginUsingExcel DemoLogin
INFO: Application URL is Opened
Oct 02, 2022 5:16:07 PM com.WebShop.TestCases.TC12_DemoShopLoginUsingExcel DemoLogin
INFO: User Clicks on LoginLink
Oct 02, 2022 5:16:12 PM com.WebShop.TestCases.TC12_DemoShopLoginUsingExcel DemoLogin
INFO: User Clicked on Logoutlink
Oct 02, 2022 5:16:12 PM com.WebShop.TestCases.TC12_DemoShopLoginUsingExcel DemoLogin
INFO: User Clicks on Logout link
Oct 02, 2022 5:16:15 PM com.WebShop.TestCases.TC12_DemoShopLoginUsingExcel DemoLogin
INFO: User Clicked on Loginlink
Oct 02, 2022 5:16:15 PM com.WebShop.TestCases.TC12_DemoShopLoginUsingExcel DemoLogin
INFO: Iteration starts - Clicking for New Login
]]></system-err>
  </testcase>
  <testcase name="DemoLogin[BOPA@BHAI.com, test@123](4)" classname="com.WebShop.TestCases.TC12_DemoShopLoginUsingExcel" time="8.519">
    <system-out><![CDATA[User Clicked on Logout Link
User Clicked on Login Link
]]></system-out>
    <system-err><![CDATA[Oct 02, 2022 5:16:15 PM com.WebShop.TestCases.TC12_DemoShopLoginUsingExcel DemoLogin
INFO: Application URL is Opened
Oct 02, 2022 5:16:16 PM com.WebShop.TestCases.TC12_DemoShopLoginUsingExcel DemoLogin
INFO: User Clicks on LoginLink
Oct 02, 2022 5:16:20 PM com.WebShop.TestCases.TC12_DemoShopLoginUsingExcel DemoLogin
INFO: User Clicked on Logoutlink
Oct 02, 2022 5:16:20 PM com.WebShop.TestCases.TC12_DemoShopLoginUsingExcel DemoLogin
INFO: User Clicks on Logout link
Oct 02, 2022 5:16:23 PM com.WebShop.TestCases.TC12_DemoShopLoginUsingExcel DemoLogin
INFO: User Clicked on Loginlink
Oct 02, 2022 5:16:23 PM com.WebShop.TestCases.TC12_DemoShopLoginUsingExcel DemoLogin
INFO: Iteration starts - Clicking for New Login
]]></system-err>
  </testcase>
  <testcase name="LoginValidation" classname="com.WebShop.TestCases.TC2_LoginValidation" time="12.112">
    <system-out><![CDATA[Display Actual Value[Sitemap, Shipping & Returns, Privacy Notice, Conditions of Use, About us, Contact us]
Display Expected Value[Sitemap, Shipping & Returns, Privacy Notice, Conditions of Use, About us, Contact us]
 Information Footer text are matching
Display Actual Value[Search, News, Blog, Recently viewed products, Compare products list, New products]
Display Expected Value[Search, News, Blog, Recently viewed products, Compare products list, New products]
 Customer Service Footer text are matching
Display Actual Value[My account, Orders, Addresses, Shopping cart, Wishlist]
Display Expected Value[My account, Orders, Addresses, Shopping cart, Wishlist]
 My Accounts Footer text are matching
Display Actual Value[Facebook, Twitter, RSS, YouTube, Google+]
Display Expected Value[Facebook, Twitter, RSS, YouTube, Google+]
 Follow Us Footer text are matching
 DemoWebShop Image is displaying
]]></system-out>
    <system-err><![CDATA[[1664711183.729][SEVERE]: Unable to receive message from renderer
Starting ChromeDriver 106.0.5249.61 (511755355844955cd3e264779baf0dd38212a4d0-refs/branch-heads/5249@{#569}) on port 36148
Only local connections are allowed.
Please see https://chromedriver.chromium.org/security-considerations for suggestions on keeping ChromeDriver safe.
ChromeDriver was started successfully.
Oct 02, 2022 5:16:26 PM org.openqa.selenium.remote.ProtocolHandshake createSession
INFO: Detected dialect: W3C
Oct 02, 2022 5:16:26 PM com.WebShop.TestCases.TC2_LoginValidation LoginValidation
INFO: Welcome to DemoWebShop Login Page
Oct 02, 2022 5:16:38 PM com.WebShop.TestCases.TC2_LoginValidation LoginValidation
INFO: Information footer text are verified
Oct 02, 2022 5:16:38 PM com.WebShop.TestCases.TC2_LoginValidation LoginValidation
INFO: Customer Service footer text are verified
Oct 02, 2022 5:16:38 PM com.WebShop.TestCases.TC2_LoginValidation LoginValidation
INFO: My Account footer text are verified
Oct 02, 2022 5:16:38 PM com.WebShop.TestCases.TC2_LoginValidation LoginValidation
INFO: Follow Us footer text are verified
Oct 02, 2022 5:16:38 PM com.WebShop.TestCases.TC2_LoginValidation LoginValidation
INFO: Image Display Validation
]]></system-err>
  </testcase>
  <testcase name="LOGINTEST" classname="com.WebShop.TestCases.TC1_LOGIN" time="15.517">
    <system-out><![CDATA[User Logged in to The Application using UserID:gabu@tabu.com
]]></system-out>
    <system-err><![CDATA[Starting ChromeDriver 106.0.5249.61 (511755355844955cd3e264779baf0dd38212a4d0-refs/branch-heads/5249@{#569}) on port 22047
Only local connections are allowed.
Please see https://chromedriver.chromium.org/security-considerations for suggestions on keeping ChromeDriver safe.
ChromeDriver was started successfully.
Oct 02, 2022 5:16:42 PM org.openqa.selenium.remote.ProtocolHandshake createSession
INFO: Detected dialect: W3C
Oct 02, 2022 5:16:42 PM com.WebShop.TestCases.TC1_LOGIN LOGINTEST
INFO: Welcome to DemoWebShop Login Page
Oct 02, 2022 5:16:55 PM com.WebShop.TestCases.TC1_LOGIN LOGINTEST
INFO: Login Page is displayed
Oct 02, 2022 5:16:55 PM com.WebShop.TestCases.TC1_LOGIN LOGINTEST
INFO: Application URL is opned
Oct 02, 2022 5:16:55 PM com.WebShop.TestCases.TC1_LOGIN LOGINTEST
INFO: UserName is Entered
Oct 02, 2022 5:16:55 PM com.WebShop.TestCases.TC1_LOGIN LOGINTEST
INFO: Password is Entered
Oct 02, 2022 5:16:56 PM com.WebShop.TestCases.TC1_LOGIN LOGINTEST
INFO: User Loggged in Successfully
Oct 02, 2022 5:16:56 PM com.WebShop.TestCases.TC1_LOGIN LOGINTEST
INFO: User Logged in Using the Account Name
Oct 02, 2022 5:16:56 PM com.WebShop.TestCases.TC1_LOGIN LOGINTEST
INFO: User Logged out Successfully
]]></system-err>
  </testcase>
  <testcase name="LoginHeaderValidation" classname="com.WebShop.TestCases.TC3_LoginHeaderValidation" time="14.808">
    <system-out><![CDATA[Expected Header Text are:[BOOKS, COMPUTERS, ELECTRONICS, APPAREL & SHOES, DIGITAL DOWNLOADS, JEWELRY, GIFT CARDS]
Actual Header Text are:[BOOKS, COMPUTERS, , , , ELECTRONICS, , , APPAREL & SHOES, DIGITAL DOWNLOADS, JEWELRY, GIFT CARDS]
 Header Text are matching in DemoWebShop
]]></system-out>
    <system-err><![CDATA[Starting ChromeDriver 106.0.5249.61 (511755355844955cd3e264779baf0dd38212a4d0-refs/branch-heads/5249@{#569}) on port 14374
Only local connections are allowed.
Please see https://chromedriver.chromium.org/security-considerations for suggestions on keeping ChromeDriver safe.
ChromeDriver was started successfully.
Oct 02, 2022 5:17:00 PM org.openqa.selenium.remote.ProtocolHandshake createSession
INFO: Detected dialect: W3C
Oct 02, 2022 5:17:10 PM com.WebShop.TestCases.TC3_LoginHeaderValidation LoginHeaderValidation
INFO: Application URL is Opened
Oct 02, 2022 5:17:11 PM com.WebShop.TestCases.TC3_LoginHeaderValidation LoginHeaderValidation
INFO: User Credentials are Entered
Oct 02, 2022 5:17:12 PM com.WebShop.TestCases.TC3_LoginHeaderValidation LoginHeaderValidation
INFO: User Clicks on LoginButton
Oct 02, 2022 5:17:15 PM com.WebShop.TestCases.TC3_LoginHeaderValidation LoginHeaderValidation
INFO: Header Text are Validated Successfully
]]></system-err>
  </testcase>
</testsuite>