<?xml version="1.0" encoding="UTF-8"?>
<!-- Generated by org.testng.reporters.JUnitReportReporter -->
<testsuite skipped="0" hostname="Pintu-PC" name="com.WebShop.TestCases.TC12_DemoShopLoginUsingExcel" tests="4" failures="0" timestamp="2022-10-02T11:25:40 IST" time="34.770" errors="0">
  <testcase name="DemoLogin" time="7.850" classname="com.WebShop.TestCases.TC12_DemoShopLoginUsingExcel"/>
  <system-out/>
  <testcase name="DemoLogin" time="7.853" classname="com.WebShop.TestCases.TC12_DemoShopLoginUsingExcel"/>
  <system-out/>
  <testcase name="DemoLogin" time="7.913" classname="com.WebShop.TestCases.TC12_DemoShopLoginUsingExcel"/>
  <system-out/>
  <testcase name="DemoLogin" time="11.154" classname="com.WebShop.TestCases.TC12_DemoShopLoginUsingExcel"/>
  <system-out/>
</testsuite> <!-- com.WebShop.TestCases.TC12_DemoShopLoginUsingExcel -->
