<?xml version="1.0" encoding="UTF-8"?>
<!-- Generated by org.testng.reporters.JUnitReportReporter -->
<testsuite skipped="0" hostname="Pintu-PC" name="com.WebShop.TestCases.NewTest" tests="1" failures="0" timestamp="2022-10-02T10:51:56 IST" time="0.001" errors="0">
  <testcase name="f" time="0.001" classname="com.WebShop.TestCases.NewTest"/>
  <system-out/>
</testsuite> <!-- com.WebShop.TestCases.NewTest -->
