<?xml version="1.0" encoding="UTF-8"?>
<!-- Generated by org.testng.reporters.JUnitReportReporter -->
<testsuite skipped="0" hostname="Pintu-PC" name="com.WebShop.TestCases.TC13_SearchPageValidation" tests="1" failures="0" timestamp="2022-10-14T19:50:27 IST" time="9.014" errors="0">
  <testcase name="SearchPageValidation" time="9.014" classname="com.WebShop.TestCases.TC13_SearchPageValidation"/>
  <system-out/>
</testsuite> <!-- com.WebShop.TestCases.TC13_SearchPageValidation -->
