<?xml version="1.0" encoding="UTF-8"?>
<!-- Generated by org.testng.reporters.JUnitReportReporter -->
<testsuite skipped="0" hostname="Pintu-PC" name="com.WebShop.TestCases.TC8_InvalidLogin" tests="1" failures="0" timestamp="2022-10-02T21:02:22 IST" time="7.568" errors="0">
  <testcase name="InvalidLogin" time="7.568" classname="com.WebShop.TestCases.TC8_InvalidLogin"/>
  <system-out/>
</testsuite> <!-- com.WebShop.TestCases.TC8_InvalidLogin -->
