<?xml version="1.0" encoding="UTF-8"?>
<!-- Generated by org.testng.reporters.JUnitReportReporter -->
<testsuite skipped="0" hostname="Pintu-PC" name="com.WebShop.TestCases.TC6_DataProviderLogin" tests="3" failures="0" timestamp="2022-10-02T11:31:20 IST" time="29.002" errors="0">
  <testcase name="DataProviderLogin" time="8.027" classname="com.WebShop.TestCases.TC6_DataProviderLogin"/>
  <system-out/>
  <testcase name="DataProviderLogin" time="12.703" classname="com.WebShop.TestCases.TC6_DataProviderLogin"/>
  <system-out/>
  <testcase name="DataProviderLogin" time="8.272" classname="com.WebShop.TestCases.TC6_DataProviderLogin"/>
  <system-out/>
</testsuite> <!-- com.WebShop.TestCases.TC6_DataProviderLogin -->
