<?xml version="1.0" encoding="UTF-8"?>
<!-- Generated by org.testng.reporters.JUnitReportReporter -->
<testsuite skipped="0" hostname="Pintu-PC" name="com.WebShop.TestCases.TC3_LoginHeaderValidation" tests="1" failures="0" timestamp="2022-10-02T21:02:22 IST" time="8.833" errors="0">
  <testcase name="LoginHeaderValidation" time="8.833" classname="com.WebShop.TestCases.TC3_LoginHeaderValidation"/>
  <system-out/>
</testsuite> <!-- com.WebShop.TestCases.TC3_LoginHeaderValidation -->
