<?xml version="1.0" encoding="UTF-8"?>
<!-- Generated by org.testng.reporters.JUnitReportReporter -->
<testsuite skipped="0" hostname="Pintu-PC" name="com.WebShop.TestCases.TC12_DemoShopLoginUsingExcel" tests="4" failures="0" timestamp="2022-10-02T21:02:22 IST" time="37.727" errors="0">
  <testcase name="DemoLogin" time="9.865" classname="com.WebShop.TestCases.TC12_DemoShopLoginUsingExcel"/>
  <system-out/>
  <testcase name="DemoLogin" time="8.074" classname="com.WebShop.TestCases.TC12_DemoShopLoginUsingExcel"/>
  <system-out/>
  <testcase name="DemoLogin" time="11.550" classname="com.WebShop.TestCases.TC12_DemoShopLoginUsingExcel"/>
  <system-out/>
  <testcase name="DemoLogin" time="8.238" classname="com.WebShop.TestCases.TC12_DemoShopLoginUsingExcel"/>
  <system-out/>
</testsuite> <!-- com.WebShop.TestCases.TC12_DemoShopLoginUsingExcel -->
