<?xml version="1.0" encoding="UTF-8"?>
<!-- Generated by org.testng.reporters.JUnitReportReporter -->
<testsuite skipped="0" hostname="Pintu-PC" name="com.WebShop.TestCases.TC7_ProductSelection" tests="1" failures="0" timestamp="2022-10-02T11:31:20 IST" time="40.357" errors="0">
  <testcase name="ProductSelection" time="40.357" classname="com.WebShop.TestCases.TC7_ProductSelection"/>
  <system-out/>
</testsuite> <!-- com.WebShop.TestCases.TC7_ProductSelection -->
