<?xml version="1.0" encoding="UTF-8"?>
<!-- Generated by org.testng.reporters.JUnitReportReporter -->
<testsuite skipped="0" hostname="Pintu-PC" name="com.WebShop.TestCases.TC4_NewRegistration" tests="1" failures="0" timestamp="2022-09-29T18:48:08 IST" time="17.185" errors="0">
  <testcase name="NewRegistration" time="17.185" classname="com.WebShop.TestCases.TC4_NewRegistration"/>
  <system-out/>
</testsuite> <!-- com.WebShop.TestCases.TC4_NewRegistration -->
