<?xml version="1.0" encoding="UTF-8"?>
<!-- Generated by org.testng.reporters.JUnitReportReporter -->
<testsuite skipped="0" hostname="Pintu-PC" name="com.WebShop.TestCases.TC14_HomePageBrokenlinks" tests="1" failures="0" timestamp="2022-10-15T19:48:56 IST" time="90.544" errors="0">
  <testcase name="HomePageLinks" time="90.544" classname="com.WebShop.TestCases.TC14_HomePageBrokenlinks"/>
  <system-out/>
</testsuite> <!-- com.WebShop.TestCases.TC14_HomePageBrokenlinks -->
