<?xml version="1.0" encoding="UTF-8"?>
<!-- Generated by org.testng.reporters.JUnitReportReporter -->
<testsuite skipped="0" hostname="Pintu-PC" name="com.WebShop.TestCases.TC1_LOGIN" tests="1" failures="0" timestamp="2022-10-02T11:31:20 IST" time="11.233" errors="0">
  <testcase name="LOGINTEST" time="11.233" classname="com.WebShop.TestCases.TC1_LOGIN"/>
  <system-out/>
</testsuite> <!-- com.WebShop.TestCases.TC1_LOGIN -->
