<?xml version="1.0" encoding="UTF-8"?>
<!-- Generated by org.testng.reporters.JUnitReportReporter -->
<testsuite skipped="0" hostname="Pintu-PC" name="com.WebShop.TestCases.TC6_DataProviderLogin" tests="3" failures="0" timestamp="2022-10-14T12:49:14 IST" time="32.106" errors="0">
  <testcase name="DataProviderLogin" time="8.007" classname="com.WebShop.TestCases.TC6_DataProviderLogin"/>
  <system-out/>
  <testcase name="DataProviderLogin" time="10.349" classname="com.WebShop.TestCases.TC6_DataProviderLogin"/>
  <system-out/>
  <testcase name="DataProviderLogin" time="13.750" classname="com.WebShop.TestCases.TC6_DataProviderLogin"/>
  <system-out/>
</testsuite> <!-- com.WebShop.TestCases.TC6_DataProviderLogin -->
