<?xml version="1.0" encoding="UTF-8"?>
<!-- Generated by org.testng.reporters.JUnitReportReporter -->
<testsuite skipped="0" hostname="Pintu-PC" name="com.WebShop.TestCases.TC3_LoginHeaderValidation" tests="1" failures="0" timestamp="2022-10-15T18:55:44 IST" time="9.848" errors="0">
  <testcase name="LoginHeaderValidation" time="9.848" classname="com.WebShop.TestCases.TC3_LoginHeaderValidation"/>
  <system-out/>
</testsuite> <!-- com.WebShop.TestCases.TC3_LoginHeaderValidation -->
