<?xml version="1.0" encoding="UTF-8"?>
<!-- Generated by org.testng.reporters.JUnitReportReporter -->
<testsuite skipped="0" hostname="Pintu-PC" name="com.WebShop.TestCases.TC12_DemoShopLoginUsingExcel" tests="4" failures="0" timestamp="2022-10-02T17:17:17 IST" time="38.107" errors="0">
  <testcase name="DemoLogin" time="12.949" classname="com.WebShop.TestCases.TC12_DemoShopLoginUsingExcel"/>
  <system-out/>
  <testcase name="DemoLogin" time="8.518" classname="com.WebShop.TestCases.TC12_DemoShopLoginUsingExcel"/>
  <system-out/>
  <testcase name="DemoLogin" time="8.384" classname="com.WebShop.TestCases.TC12_DemoShopLoginUsingExcel"/>
  <system-out/>
  <testcase name="DemoLogin" time="8.256" classname="com.WebShop.TestCases.TC12_DemoShopLoginUsingExcel"/>
  <system-out/>
</testsuite> <!-- com.WebShop.TestCases.TC12_DemoShopLoginUsingExcel -->
