<?xml version="1.0" encoding="UTF-8"?>
<!-- Generated by org.testng.reporters.JUnitReportReporter -->
<testsuite skipped="0" hostname="Pintu-PC" name="com.WebShop.TestCases.TC6_DataProviderLogin" tests="3" failures="0" timestamp="2022-10-15T18:55:44 IST" time="34.259" errors="0">
  <testcase name="DataProviderLogin" time="7.844" classname="com.WebShop.TestCases.TC6_DataProviderLogin"/>
  <system-out/>
  <testcase name="DataProviderLogin" time="10.890" classname="com.WebShop.TestCases.TC6_DataProviderLogin"/>
  <system-out/>
  <testcase name="DataProviderLogin" time="15.525" classname="com.WebShop.TestCases.TC6_DataProviderLogin"/>
  <system-out/>
</testsuite> <!-- com.WebShop.TestCases.TC6_DataProviderLogin -->
