<?xml version="1.0" encoding="UTF-8"?>
<!-- Generated by org.testng.reporters.JUnitReportReporter -->
<testsuite skipped="0" hostname="Pintu-PC" name="com.WebShop.TestCases.TC12_DemoShopLoginUsingExcel" tests="4" failures="0" timestamp="2022-10-15T18:55:44 IST" time="38.486" errors="0">
  <testcase name="DemoLogin" time="11.760" classname="com.WebShop.TestCases.TC12_DemoShopLoginUsingExcel"/>
  <system-out/>
  <testcase name="DemoLogin" time="8.609" classname="com.WebShop.TestCases.TC12_DemoShopLoginUsingExcel"/>
  <system-out/>
  <testcase name="DemoLogin" time="10.047" classname="com.WebShop.TestCases.TC12_DemoShopLoginUsingExcel"/>
  <system-out/>
  <testcase name="DemoLogin" time="8.070" classname="com.WebShop.TestCases.TC12_DemoShopLoginUsingExcel"/>
  <system-out/>
</testsuite> <!-- com.WebShop.TestCases.TC12_DemoShopLoginUsingExcel -->
