<?xml version="1.0" encoding="UTF-8"?>
<!-- Generated by org.testng.reporters.JUnitReportReporter -->
<testsuite skipped="0" hostname="Pintu-PC" name="com.WebShop.TestCases.TC5_RegisterPageFieldValidation" tests="1" failures="0" timestamp="2022-10-02T17:17:17 IST" time="7.359" errors="0">
  <testcase name="RegisterPageFieldValidation" time="7.359" classname="com.WebShop.TestCases.TC5_RegisterPageFieldValidation"/>
  <system-out/>
</testsuite> <!-- com.WebShop.TestCases.TC5_RegisterPageFieldValidation -->
