<?xml version="1.0" encoding="UTF-8"?>
<!-- Generated by org.testng.reporters.JUnitReportReporter -->
<testsuite skipped="0" hostname="Pintu-PC" name="com.WebShop.TestCases.TC11_ProductSelectioPn" tests="1" failures="0" timestamp="2022-10-15T18:55:44 IST" time="14.386" errors="0">
  <testcase name="ProductSelectioPn" time="14.386" classname="com.WebShop.TestCases.TC11_ProductSelectioPn"/>
  <system-out/>
</testsuite> <!-- com.WebShop.TestCases.TC11_ProductSelectioPn -->
