<?xml version="1.0" encoding="UTF-8"?>
<!-- Generated by org.testng.reporters.JUnitReportReporter -->
<testsuite skipped="0" hostname="Pintu-PC" name="com.WebShop.TestCases.TC8_InvalidLogin" tests="1" failures="0" timestamp="2022-10-15T18:55:44 IST" time="10.086" errors="0">
  <testcase name="InvalidLogin" time="10.086" classname="com.WebShop.TestCases.TC8_InvalidLogin"/>
  <system-out/>
</testsuite> <!-- com.WebShop.TestCases.TC8_InvalidLogin -->
