<?xml version="1.0" encoding="UTF-8"?>
<!-- Generated by org.testng.reporters.JUnitReportReporter -->
<testsuite skipped="0" hostname="Pintu-PC" name="com.WebShop.TestCases.TC2_LoginValidation" tests="1" failures="0" timestamp="2022-10-14T12:49:14 IST" time="10.991" errors="0">
  <testcase name="LoginValidation" time="10.991" classname="com.WebShop.TestCases.TC2_LoginValidation"/>
  <system-out/>
</testsuite> <!-- com.WebShop.TestCases.TC2_LoginValidation -->
