<?xml version="1.0" encoding="UTF-8"?>
<!-- Generated by org.testng.reporters.JUnitReportReporter -->
<testsuite skipped="0" hostname="Pintu-PC" name="com.WebShop.TestCases.TC11_ProductSelectioPn" tests="1" failures="0" timestamp="2022-10-14T12:49:14 IST" time="13.958" errors="0">
  <testcase name="ProductSelectioPn" time="13.958" classname="com.WebShop.TestCases.TC11_ProductSelectioPn"/>
  <system-out/>
</testsuite> <!-- com.WebShop.TestCases.TC11_ProductSelectioPn -->
