<?xml version="1.0" encoding="UTF-8"?>
<!-- Generated by org.testng.reporters.JUnitReportReporter -->
<testsuite skipped="0" hostname="Pintu-PC" name="com.WebShop.TestCases.TC12_DemoShopLoginUsingExcel" tests="4" failures="0" timestamp="2022-10-14T12:49:14 IST" time="39.621" errors="0">
  <testcase name="DemoLogin" time="8.805" classname="com.WebShop.TestCases.TC12_DemoShopLoginUsingExcel"/>
  <system-out/>
  <testcase name="DemoLogin" time="8.356" classname="com.WebShop.TestCases.TC12_DemoShopLoginUsingExcel"/>
  <system-out/>
  <testcase name="DemoLogin" time="12.735" classname="com.WebShop.TestCases.TC12_DemoShopLoginUsingExcel"/>
  <system-out/>
  <testcase name="DemoLogin" time="9.725" classname="com.WebShop.TestCases.TC12_DemoShopLoginUsingExcel"/>
  <system-out/>
</testsuite> <!-- com.WebShop.TestCases.TC12_DemoShopLoginUsingExcel -->
