<?xml version="1.0" encoding="UTF-8"?>
<!-- Generated by org.testng.reporters.JUnitReportReporter -->
<testsuite skipped="0" hostname="Pintu-PC" name="com.WebShop.TestCases.TC6_DataProviderLogin" tests="3" failures="0" timestamp="2022-10-02T17:17:17 IST" time="29.315" errors="0">
  <testcase name="DataProviderLogin" time="12.146" classname="com.WebShop.TestCases.TC6_DataProviderLogin"/>
  <system-out/>
  <testcase name="DataProviderLogin" time="8.101" classname="com.WebShop.TestCases.TC6_DataProviderLogin"/>
  <system-out/>
  <testcase name="DataProviderLogin" time="9.068" classname="com.WebShop.TestCases.TC6_DataProviderLogin"/>
  <system-out/>
</testsuite> <!-- com.WebShop.TestCases.TC6_DataProviderLogin -->
